Removed Pin From Net: NetName=POWER Pin=MD1-0
Removed Pin From Net: NetName=M1GND Pin=MD1-1
Removed Pin From Net: NetName=3.3V Pin=MD1-3
Removed Pin From Net: NetName=POWER Pin=MD2-0
Removed Pin From Net: NetName=M2GND Pin=MD2-1
Removed Pin From Net: NetName=3.3V Pin=MD2-3
Removed Pin From Net: NetName=POWER Pin=MD3-0
Removed Pin From Net: NetName=M3GND Pin=MD3-1
Removed Pin From Net: NetName=3.3V Pin=MD3-3
Removed Pin From Net: NetName=POWER Pin=MD4-0
Removed Pin From Net: NetName=M4GND Pin=MD4-1
Removed Pin From Net: NetName=3.3V Pin=MD4-3
Removed Pin From Net: NetName=POWER Pin=MD5-0
Removed Pin From Net: NetName=MSGND Pin=MD5-1
Removed Pin From Net: NetName=3.3V Pin=MD5-3
Added Pin To Net: NetName=M1GND Pin=MD1-0
Added Pin To Net: NetName=3.3V Pin=MD1-1
Added Pin To Net: NetName=POWER Pin=MD1-3
Added Pin To Net: NetName=M2GND Pin=MD2-0
Added Pin To Net: NetName=3.3V Pin=MD2-1
Added Pin To Net: NetName=POWER Pin=MD2-3
Added Pin To Net: NetName=M3GND Pin=MD3-0
Added Pin To Net: NetName=3.3V Pin=MD3-1
Added Pin To Net: NetName=POWER Pin=MD3-3
Added Pin To Net: NetName=M4GND Pin=MD4-0
Added Pin To Net: NetName=3.3V Pin=MD4-1
Added Pin To Net: NetName=POWER Pin=MD4-3
Added Pin To Net: NetName=MSGND Pin=MD5-0
Added Pin To Net: NetName=3.3V Pin=MD5-1
Added Pin To Net: NetName=POWER Pin=MD5-3
PCB-ECO: Change Pad Pin/Pkg Length: Old=0.9mm New=0mm
PCB-ECO: Change Pad Pin/Pkg Length: Old=0mm New=0.9mm
