Change Component Designator: OldDesignator=C15 NewDesignator=C16
Change Component Designator: OldDesignator=C16 NewDesignator=C15
Change Component Designator: OldDesignator=C16 NewDesignator=C17
Change Component Designator: OldDesignator=C17 NewDesignator=C18
Change Component Designator: OldDesignator=C18 NewDesignator=C19
Change Component Designator: OldDesignator=C19 NewDesignator=C21
Change Component Designator: OldDesignator=C20 NewDesignator=C22
Change Component Designator: OldDesignator=C21 NewDesignator=C23
Change Component Designator: OldDesignator=C22 NewDesignator=C24
Change Component Designator: OldDesignator=C23 NewDesignator=C25
Change Component Designator: OldDesignator=C24 NewDesignator=C20
Change Component Designator: OldDesignator=C25 NewDesignator=C28
Change Component Designator: OldDesignator=C28 NewDesignator=C29
Change Component Designator: OldDesignator=C29 NewDesignator=C30
Change Component Designator: OldDesignator=C34 NewDesignator=C33
Change Component Designator: OldDesignator=C35 NewDesignator=C34
Change Component Designator: OldDesignator=C37 NewDesignator=C35
Change Component Designator: OldDesignator=C38 NewDesignator=C36
Change Component Designator: OldDesignator=C40 NewDesignator=C37
Change Component Designator: OldDesignator=C41 NewDesignator=C38
Change Component Designator: OldDesignator=C42 NewDesignator=C39
Change Component Designator: OldDesignator=C43 NewDesignator=C40
Change Component Designator: OldDesignator=C44 NewDesignator=C41
Change Component Designator: OldDesignator=C45 NewDesignator=C42
Change Component Designator: OldDesignator=C46 NewDesignator=C43
Change Component Designator: OldDesignator=C47 NewDesignator=C44
Change Component Designator: OldDesignator=C49 NewDesignator=C46
Change Component Designator: OldDesignator=C50 NewDesignator=C47
Change Component Designator: OldDesignator=F1 NewDesignator=F2
Change Component Designator: OldDesignator=F2 NewDesignator=F3
Change Component Designator: OldDesignator=F3 NewDesignator=F1
Change Component Designator: OldDesignator=I1 NewDesignator=I2
Change Component Designator: OldDesignator=I2 NewDesignator=I1
Change Component Designator: OldDesignator=LED1 NewDesignator=LED4
Change Component Designator: OldDesignator=LED2 NewDesignator=LED5
Change Component Designator: OldDesignator=LED3 NewDesignator=LED6
Change Component Designator: OldDesignator=LED4 NewDesignator=LED3
Change Component Designator: OldDesignator=LED5 NewDesignator=LED7
Change Component Designator: OldDesignator=LED6 NewDesignator=LED1
Change Component Designator: OldDesignator=LED7 NewDesignator=LED8
Change Component Designator: OldDesignator=LED8 NewDesignator=LED9
Change Component Designator: OldDesignator=LED9 NewDesignator=LED2
Change Component Designator: OldDesignator=P2 NewDesignator=P3
Change Component Designator: OldDesignator=P3 NewDesignator=P2
Change Component Designator: OldDesignator=R1 NewDesignator=R4
Change Component Designator: OldDesignator=R2 NewDesignator=R5
Change Component Designator: OldDesignator=R3 NewDesignator=R7
Change Component Designator: OldDesignator=R4 NewDesignator=R8
Change Component Designator: OldDesignator=R5 NewDesignator=R9
Change Component Designator: OldDesignator=R6 NewDesignator=R10
Change Component Designator: OldDesignator=R7 NewDesignator=R6
Change Component Designator: OldDesignator=R8 NewDesignator=R11
Change Component Designator: OldDesignator=R9 NewDesignator=R12
Change Component Designator: OldDesignator=R10 NewDesignator=R13
Change Component Designator: OldDesignator=R11 NewDesignator=R14
Change Component Designator: OldDesignator=R12 NewDesignator=R18
Change Component Designator: OldDesignator=R13 NewDesignator=R19
Change Component Designator: OldDesignator=R14 NewDesignator=R20
Change Component Designator: OldDesignator=R15 NewDesignator=R21
Change Component Designator: OldDesignator=R16 NewDesignator=R22
Change Component Designator: OldDesignator=R17 NewDesignator=R23
Change Component Designator: OldDesignator=R18 NewDesignator=R24
Change Component Designator: OldDesignator=R19 NewDesignator=R25
Change Component Designator: OldDesignator=R20 NewDesignator=R1
Change Component Designator: OldDesignator=R21 NewDesignator=R2
Change Component Designator: OldDesignator=R22 NewDesignator=R3
Change Component Designator: OldDesignator=R23 NewDesignator=R26
Change Component Designator: OldDesignator=R24 NewDesignator=R27
Change Component Designator: OldDesignator=R25 NewDesignator=R15
Change Component Designator: OldDesignator=R26 NewDesignator=R16
Change Component Designator: OldDesignator=R27 NewDesignator=R29
Change Component Designator: OldDesignator=R28 NewDesignator=R30
Change Component Designator: OldDesignator=R29 NewDesignator=R35
Change Component Designator: OldDesignator=R30 NewDesignator=R36
Change Component Designator: OldDesignator=R33 NewDesignator=R37
Change Component Designator: OldDesignator=R34 NewDesignator=R17
Change Component Designator: OldDesignator=R35 NewDesignator=R28
Change Component Designator: OldDesignator=R36 NewDesignator=R38
Change Component Designator: OldDesignator=R37 NewDesignator=R39
Change Component Designator: OldDesignator=R38 NewDesignator=R33
Change Component Designator: OldDesignator=R39 NewDesignator=R34
Added Component: Designator=C45(DIPCap)
Added Pin To Net: NetName=POWER Pin=C45-+
Added Pin To Net: NetName=GND Pin=C45--
Change Net Name : Old Net Name=NetC19_2 New Net Name=NetC21_2
Change Net Name : Old Net Name=NetC20_2 New Net Name=NetC22_2
Change Net Name : Old Net Name=NetC23_2 New Net Name=NetC25_2
Change Net Name : Old Net Name=NetC44_2 New Net Name=NetC41_2
Change Net Name : Old Net Name=NetF3_1 New Net Name=NetF1_1
Change Net Name : Old Net Name=NetLED1_1 New Net Name=NetLED4_1
Change Net Name : Old Net Name=NetLED2_1 New Net Name=NetLED5_1
Change Net Name : Old Net Name=NetLED3_1 New Net Name=NetLED6_1
Change Net Name : Old Net Name=NetLED4_1 New Net Name=NetLED3_1
Change Net Name : Old Net Name=NetLED5_1 New Net Name=NetLED7_1
Change Net Name : Old Net Name=NetLED6_1 New Net Name=NetLED1_1
Change Net Name : Old Net Name=NetLED7_1 New Net Name=NetLED8_1
Change Net Name : Old Net Name=NetLED8_1 New Net Name=NetLED9_1
Change Net Name : Old Net Name=NetLED9_1 New Net Name=NetLED2_1
Change Net Name : Old Net Name=NetR3_2 New Net Name=NetR7_2
Change Net Name : Old Net Name=NetR4_2 New Net Name=NetR8_2
Change Net Name : Old Net Name=NetR5_2 New Net Name=NetR9_2
Change Net Name : Old Net Name=NetR6_2 New Net Name=NetR10_2
Change Net Name : Old Net Name=NetR13_1 New Net Name=NetR19_1
Change Net Name : Old Net Name=NetR18_1 New Net Name=NetR24_1
Change Net Name : Old Net Name=NetR19_1 New Net Name=NetR25_1
Change Net Name : Old Net Name=NetR25_1 New Net Name=NetR15_1
Change Net Name : Old Net Name=NetR26_1 New Net Name=NetR16_1
Change Net Name : Old Net Name=NetR27_2 New Net Name=NetR29_2
Change Net Name : Old Net Name=NetR33_1 New Net Name=NetR37_1
Change Net Name : Old Net Name=NetR34_1 New Net Name=NetR17_1
Change Net Name : Old Net Name=NetR35_1 New Net Name=NetR28_1
Change Net Name : Old Net Name=NetR36_1 New Net Name=NetR38_1
Change Net Name : Old Net Name=NetR38_1 New Net Name=NetR33_1
Change Net Name : Old Net Name=NetR39_1 New Net Name=NetR34_1
PCB-ECO: Change Pad Pin/Pkg Length: Old=0.9mm New=0mm
PCB-ECO: Change Pad Pin/Pkg Length: Old=0mm New=0.9mm
